1.4861 	WARNING 	We strongly recommend you activate the PTB sound engine in PsychoPy prefs as the preferred audio engine. Its timing is vastly superior. Your prefs are currently set to use ['sounddevice', 'PTB', 'pyo', 'pygame'] (in that order).
4.7368 	WARNING 	User requested fullscreen with size [1024  768], but screen is actually [1920, 1080]. Using actual size
5.1131 	EXP 	Created window1 = Window(allowGUI=True, allowStencil=False, autoLog=True, backendConf=UNKNOWN, bitsMode=UNKNOWN, blendMode='avg', bpc=(8, 8, 8), color=array([0, 0, 0]), colorSpace='rgb', depthBits=8, fullscr=<method-wrapper '__getattribute__' of attributeSetter object at 0x000001CB069CCE50>, gamma=None, gammaErrorPolicy='raise', lms=UNKNOWN, monitor=<psychopy.monitors.calibTools.Monitor object at 0x000001CB06F562E0>, multiSample=False, name='window1', numSamples=2, pos=(0, 0), screen=0, size=array([1920, 1080]), stencilBits=0, stereo=False, units='height', useFBO=True, useRetina=False, viewOri=0.0, viewPos=None, viewScale=None, waitBlanking=True, winType='pyglet')
5.1132 	EXP 	window1: mouseVisible = True
5.1132 	EXP 	window1: mouseVisible = False
5.1132 	EXP 	window1: Attempting to measure frame rate of screen (0) ...
5.1133 	EXP 	window1: recordFrameIntervals = False
5.1822 	EXP 	window1: recordFrameIntervals = True
5.2586 	EXP 	Screen (0) actual frame rate measured at 144.02Hz
5.2587 	EXP 	window1: recordFrameIntervals = False
6.8447 	EXP 	Created center_square = Rect(__class__=<class 'psychopy.visual.rect.Rect'>, anchor=('center', 'center'), autoDraw=False, autoLog=True, closeShape=True, color=method-wrapper(...), colorSpace='rgb', contrast=None, depth=0.0, fillColor=array([ 1.,  1., -1.]), fillColorSpace='rgb', fillRGB=array([ 1.,  1., -1.]), interpolate=True, lineColor=array([ 1.,  1., -1.]), lineColorSpace='rgb', lineRGB=array([ 1.,  1., -1.]), lineWidth=1.0, name='center_square', opacity=1.0, ori=0.0, pos=array([0., 0.]), size=array([40.5, 40.5]), units='pix', vertices=ndarray(...), win=Window(...))
6.8450 	EXP 	window1: mouseVisible = True
6.8955 	EXP 	Created begin_mouse_center = TextStim(__class__=<class 'psychopy.visual.text.TextStim'>, alignHoriz=method-wrapper(...), alignText='center', alignVert=method-wrapper(...), anchorHoriz='center', anchorVert='center', antialias=True, autoDraw=False, autoLog=True, bold=False, color=array([1., 1., 1.]), colorSpace='rgb', contrast=1.0, depth=-2.0, flipHoriz=False, flipVert=False, font='Arial', fontFiles=[], height=0.08, italic=False, languageStyle='LTR', name='begin_mouse_center', opacity=1.0, ori=0.0, pos=array([0. , 0.5]), rgb=UNKNOWN, text='\nClick the square to begin experiment', units='norm', win=Window(...), wrapWidth=1)
6.8969 	EXP 	Created fixation_cross_1 = ShapeStim(__class__=<class 'psychopy.visual.shape.ShapeStim'>, anchor=('center', 'center'), autoDraw=False, autoLog=True, closeShape=True, color=method-wrapper(...), colorSpace='rgb', contrast=None, depth=0.0, fillColor=array([1, 1, 1]), fillColorSpace='rgb', fillRGB=array([1, 1, 1]), interpolate=True, lineColor=array([1., 1., 1.]), lineColorSpace='rgb', lineRGB=array([1, 1, 1]), lineWidth=1.0, name='fixation_cross_1', opacity=1.0, ori=0.0, pos=array([0., 0.]), size=array([30., 30.]), units='pix', vertices=ndarray(...), win=Window(...), windingRule=None)
6.8992 	EXP 	Created first_patch = ImageStim(__class__=<class 'psychopy.visual.image.ImageStim'>, anchor=('center', 'center'), autoLog=True, color=array([1., 1., 1.]), colorSpace='rgb', contrast=1.0, depth=-1.0, flipHoriz=False, flipVert=False, image='sin', interpolate=True, mask=None, maskParams=None, name='first_patch', opacity=1.0, ori=0.0, pos=array([0., 0.]), size=array([270., 270.]), texRes=128.0, units='pix', win=Window(...))
6.9011 	EXP 	Created mask_image = ImageStim(__class__=<class 'psychopy.visual.image.ImageStim'>, anchor=('center', 'center'), autoLog=True, color=array([1., 1., 1.]), colorSpace='rgb', contrast=1.0, depth=0.0, flipHoriz=False, flipVert=False, image='sin', interpolate=True, mask=None, maskParams=None, name='mask_image', opacity=1.0, ori=0.0, pos=array([0., 0.]), size=array([270., 270.]), texRes=128.0, units='pix', win=Window(...))
6.9023 	EXP 	Created fixation_cross_2 = ShapeStim(__class__=<class 'psychopy.visual.shape.ShapeStim'>, anchor=('center', 'center'), autoDraw=False, autoLog=True, closeShape=True, color=method-wrapper(...), colorSpace='rgb', contrast=None, depth=0.0, fillColor=array([1, 1, 1]), fillColorSpace='rgb', fillRGB=array([1, 1, 1]), interpolate=True, lineColor=array([1., 1., 1.]), lineColorSpace='rgb', lineRGB=array([1, 1, 1]), lineWidth=1.0, name='fixation_cross_2', opacity=1.0, ori=0.0, pos=array([0., 0.]), size=array([30., 30.]), units='pix', vertices=ndarray(...), win=Window(...), windingRule=None)
6.9041 	EXP 	Created second_patch = ImageStim(__class__=<class 'psychopy.visual.image.ImageStim'>, anchor=('center', 'center'), autoLog=True, color=array([1., 1., 1.]), colorSpace='rgb', contrast=1.0, depth=-1.0, flipHoriz=False, flipVert=False, image='sin', interpolate=True, mask=None, maskParams=None, name='second_patch', opacity=1.0, ori=0.0, pos=array([0., 0.]), size=array([270., 270.]), texRes=128.0, units='pix', win=Window(...))
6.9060 	EXP 	Created mask_image = ImageStim(__class__=<class 'psychopy.visual.image.ImageStim'>, anchor=('center', 'center'), autoLog=True, color=array([1., 1., 1.]), colorSpace='rgb', contrast=1.0, depth=0.0, flipHoriz=False, flipVert=False, image='sin', interpolate=True, mask=None, maskParams=None, name='mask_image', opacity=1.0, ori=0.0, pos=array([0., 0.]), size=array([270., 270.]), texRes=128.0, units='pix', win=Window(...))
6.9060 	EXP 	window1: mouseVisible = True
6.9114 	EXP 	Created response1disk = ImageStim(__class__=<class 'psychopy.visual.image.ImageStim'>, anchor=('center', 'center'), autoLog=True, color=array([1., 1., 1.]), colorSpace='rgb', contrast=1.0, depth=-2.0, flipHoriz=False, flipVert=False, image='response67.png', interpolate=True, mask=None, maskParams=None, name='response1disk', opacity=1.0, ori=0.0, pos=array([135., 135.]), size=array([270., 270.]), texRes=128, units='pix', win=Window(...))
6.9168 	EXP 	Created response3disk = ImageStim(__class__=<class 'psychopy.visual.image.ImageStim'>, anchor=('center', 'center'), autoLog=True, color=array([1., 1., 1.]), colorSpace='rgb', contrast=1.0, depth=-3.0, flipHoriz=False, flipVert=False, image='response45.png', interpolate=True, mask=None, maskParams=None, name='response3disk', opacity=1.0, ori=0.0, pos=array([ 135., -135.]), size=array([270., 270.]), texRes=128, units='pix', win=Window(...))
6.9220 	EXP 	Created response5disk = ImageStim(__class__=<class 'psychopy.visual.image.ImageStim'>, anchor=('center', 'center'), autoLog=True, color=array([1., 1., 1.]), colorSpace='rgb', contrast=1.0, depth=-4.0, flipHoriz=False, flipVert=False, image='response23.png', interpolate=True, mask=None, maskParams=None, name='response5disk', opacity=1.0, ori=0.0, pos=array([-135., -135.]), size=array([270., 270.]), texRes=128, units='pix', win=Window(...))
6.9264 	EXP 	Created response7disk = ImageStim(__class__=<class 'psychopy.visual.image.ImageStim'>, anchor=('center', 'center'), autoLog=True, color=array([1., 1., 1.]), colorSpace='rgb', contrast=1.0, depth=-5.0, flipHoriz=False, flipVert=False, image='response01.png', interpolate=True, mask=None, maskParams=None, name='response7disk', opacity=1.0, ori=0.0, pos=array([-135.,  135.]), size=array([270., 270.]), texRes=128, units='pix', win=Window(...))
6.9385 	EXP 	Created text_23 = TextStim(__class__=<class 'psychopy.visual.text.TextStim'>, alignHoriz=method-wrapper(...), alignText='center', alignVert=method-wrapper(...), anchorHoriz='center', anchorVert='center', antialias=True, autoDraw=False, autoLog=True, bold=False, color=array([-1., -1., -1.]), colorSpace='rgb', contrast=1.0, depth=-6.0, flipHoriz=False, flipVert=False, font='Arial', fontFiles=[], height=0.05, italic=False, languageStyle='LTR', name='text_23', opacity=1.0, ori=0, pos=array([ 0. , -0.7]), rgb=UNKNOWN, text=str(...), units='norm', win=Window(...), wrapWidth=1)
6.9386 	EXP 	window1: mouseVisible = True
6.9433 	EXP 	Created response1disk_2 = ImageStim(__class__=<class 'psychopy.visual.image.ImageStim'>, anchor=('center', 'center'), autoLog=True, color=array([1., 1., 1.]), colorSpace='rgb', contrast=1.0, depth=-1.0, flipHoriz=False, flipVert=False, image='response67.png', interpolate=True, mask=None, maskParams=None, name='response1disk_2', opacity=1.0, ori=0.0, pos=array([135., 135.]), size=array([270., 270.]), texRes=128, units='pix', win=Window(...))
6.9479 	EXP 	Created response3disk_2 = ImageStim(__class__=<class 'psychopy.visual.image.ImageStim'>, anchor=('center', 'center'), autoLog=True, color=array([1., 1., 1.]), colorSpace='rgb', contrast=1.0, depth=-2.0, flipHoriz=False, flipVert=False, image='response45.png', interpolate=True, mask=None, maskParams=None, name='response3disk_2', opacity=1.0, ori=0.0, pos=array([ 135., -135.]), size=array([270., 270.]), texRes=128, units='pix', win=Window(...))
6.9529 	EXP 	Created response5disk_2 = ImageStim(__class__=<class 'psychopy.visual.image.ImageStim'>, anchor=('center', 'center'), autoLog=True, color=array([1., 1., 1.]), colorSpace='rgb', contrast=1.0, depth=-3.0, flipHoriz=False, flipVert=False, image='response23.png', interpolate=True, mask=None, maskParams=None, name='response5disk_2', opacity=1.0, ori=0.0, pos=array([-135., -135.]), size=array([270., 270.]), texRes=128, units='pix', win=Window(...))
6.9616 	EXP 	Created response7disk_2 = ImageStim(__class__=<class 'psychopy.visual.image.ImageStim'>, anchor=('center', 'center'), autoLog=True, color=array([1., 1., 1.]), colorSpace='rgb', contrast=1.0, depth=-4.0, flipHoriz=False, flipVert=False, image='response01.png', interpolate=True, mask=None, maskParams=None, name='response7disk_2', opacity=1.0, ori=0.0, pos=array([-135.,  135.]), size=array([270., 270.]), texRes=128, units='pix', win=Window(...))
6.9660 	EXP 	Created text_51 = TextStim(__class__=<class 'psychopy.visual.text.TextStim'>, alignHoriz=method-wrapper(...), alignText='center', alignVert=method-wrapper(...), anchorHoriz='center', anchorVert='center', antialias=True, autoDraw=False, autoLog=True, bold=False, color=array([-1., -1., -1.]), colorSpace='rgb', contrast=1.0, depth=-5.0, flipHoriz=False, flipVert=False, font='Arial', fontFiles=[], height=0.05, italic=False, languageStyle='LTR', name='text_51', opacity=1.0, ori=0, pos=array([ 0. , -0.7]), rgb=UNKNOWN, text=str(...), units='norm', win=Window(...), wrapWidth=1000)
6.9668 	EXP 	Created center_square_2 = Rect(__class__=<class 'psychopy.visual.rect.Rect'>, anchor=('center', 'center'), autoDraw=False, autoLog=True, closeShape=True, color=method-wrapper(...), colorSpace='rgb', contrast=None, depth=-6.0, fillColor=array([ 1.,  1., -1.]), fillColorSpace='rgb', fillRGB=array([ 1.,  1., -1.]), interpolate=True, lineColor=array([ 1.,  1., -1.]), lineColorSpace='rgb', lineRGB=array([ 1.,  1., -1.]), lineWidth=1.0, name='center_square_2', opacity=1.0, ori=0.0, pos=array([0., 0.]), size=array([40.5, 40.5]), units='pix', vertices=ndarray(...), win=Window(...))
6.9683 	EXP 	Created fixation_cross_2 = ShapeStim(__class__=<class 'psychopy.visual.shape.ShapeStim'>, anchor=('center', 'center'), autoDraw=False, autoLog=True, closeShape=True, color=method-wrapper(...), colorSpace='rgb', contrast=None, depth=0.0, fillColor=array([1, 1, 1]), fillColorSpace='rgb', fillRGB=array([1, 1, 1]), interpolate=True, lineColor=array([1., 1., 1.]), lineColorSpace='rgb', lineRGB=array([1, 1, 1]), lineWidth=1.0, name='fixation_cross_2', opacity=1.0, ori=0.0, pos=array([0., 0.]), size=array([30., 30.]), units='pix', vertices=ndarray(...), win=Window(...), windingRule=None)
6.9703 	EXP 	Created second_patch = ImageStim(__class__=<class 'psychopy.visual.image.ImageStim'>, anchor=('center', 'center'), autoLog=True, color=array([1., 1., 1.]), colorSpace='rgb', contrast=1.0, depth=-1.0, flipHoriz=False, flipVert=False, image='sin', interpolate=True, mask=None, maskParams=None, name='second_patch', opacity=1.0, ori=0.0, pos=array([0., 0.]), size=array([270., 270.]), texRes=128.0, units='pix', win=Window(...))
6.9720 	EXP 	Created mask_image = ImageStim(__class__=<class 'psychopy.visual.image.ImageStim'>, anchor=('center', 'center'), autoLog=True, color=array([1., 1., 1.]), colorSpace='rgb', contrast=1.0, depth=0.0, flipHoriz=False, flipVert=False, image='sin', interpolate=True, mask=None, maskParams=None, name='mask_image', opacity=1.0, ori=0.0, pos=array([0., 0.]), size=array([270., 270.]), texRes=128.0, units='pix', win=Window(...))
6.9733 	EXP 	Created fixation_cross_1 = ShapeStim(__class__=<class 'psychopy.visual.shape.ShapeStim'>, anchor=('center', 'center'), autoDraw=False, autoLog=True, closeShape=True, color=method-wrapper(...), colorSpace='rgb', contrast=None, depth=0.0, fillColor=array([1, 1, 1]), fillColorSpace='rgb', fillRGB=array([1, 1, 1]), interpolate=True, lineColor=array([1., 1., 1.]), lineColorSpace='rgb', lineRGB=array([1, 1, 1]), lineWidth=1.0, name='fixation_cross_1', opacity=1.0, ori=0.0, pos=array([0., 0.]), size=array([30., 30.]), units='pix', vertices=ndarray(...), win=Window(...), windingRule=None)
6.9751 	EXP 	Created first_patch = ImageStim(__class__=<class 'psychopy.visual.image.ImageStim'>, anchor=('center', 'center'), autoLog=True, color=array([1., 1., 1.]), colorSpace='rgb', contrast=1.0, depth=-1.0, flipHoriz=False, flipVert=False, image='sin', interpolate=True, mask=None, maskParams=None, name='first_patch', opacity=1.0, ori=0.0, pos=array([0., 0.]), size=array([270., 270.]), texRes=128.0, units='pix', win=Window(...))
6.9768 	EXP 	Created mask_image = ImageStim(__class__=<class 'psychopy.visual.image.ImageStim'>, anchor=('center', 'center'), autoLog=True, color=array([1., 1., 1.]), colorSpace='rgb', contrast=1.0, depth=0.0, flipHoriz=False, flipVert=False, image='sin', interpolate=True, mask=None, maskParams=None, name='mask_image', opacity=1.0, ori=0.0, pos=array([0., 0.]), size=array([270., 270.]), texRes=128.0, units='pix', win=Window(...))
6.9769 	EXP 	window1: mouseVisible = True
6.9816 	EXP 	Created response1disk = ImageStim(__class__=<class 'psychopy.visual.image.ImageStim'>, anchor=('center', 'center'), autoLog=True, color=array([1., 1., 1.]), colorSpace='rgb', contrast=1.0, depth=-2.0, flipHoriz=False, flipVert=False, image='response67.png', interpolate=True, mask=None, maskParams=None, name='response1disk', opacity=1.0, ori=0.0, pos=array([135., 135.]), size=array([270., 270.]), texRes=128, units='pix', win=Window(...))
6.9864 	EXP 	Created response3disk = ImageStim(__class__=<class 'psychopy.visual.image.ImageStim'>, anchor=('center', 'center'), autoLog=True, color=array([1., 1., 1.]), colorSpace='rgb', contrast=1.0, depth=-3.0, flipHoriz=False, flipVert=False, image='response45.png', interpolate=True, mask=None, maskParams=None, name='response3disk', opacity=1.0, ori=0.0, pos=array([ 135., -135.]), size=array([270., 270.]), texRes=128, units='pix', win=Window(...))
6.9912 	EXP 	Created response5disk = ImageStim(__class__=<class 'psychopy.visual.image.ImageStim'>, anchor=('center', 'center'), autoLog=True, color=array([1., 1., 1.]), colorSpace='rgb', contrast=1.0, depth=-4.0, flipHoriz=False, flipVert=False, image='response23.png', interpolate=True, mask=None, maskParams=None, name='response5disk', opacity=1.0, ori=0.0, pos=array([-135., -135.]), size=array([270., 270.]), texRes=128, units='pix', win=Window(...))
6.9964 	EXP 	Created response7disk = ImageStim(__class__=<class 'psychopy.visual.image.ImageStim'>, anchor=('center', 'center'), autoLog=True, color=array([1., 1., 1.]), colorSpace='rgb', contrast=1.0, depth=-5.0, flipHoriz=False, flipVert=False, image='response01.png', interpolate=True, mask=None, maskParams=None, name='response7disk', opacity=1.0, ori=0.0, pos=array([-135.,  135.]), size=array([270., 270.]), texRes=128, units='pix', win=Window(...))
7.0014 	EXP 	Created text_23 = TextStim(__class__=<class 'psychopy.visual.text.TextStim'>, alignHoriz=method-wrapper(...), alignText='center', alignVert=method-wrapper(...), anchorHoriz='center', anchorVert='center', antialias=True, autoDraw=False, autoLog=True, bold=False, color=array([-1., -1., -1.]), colorSpace='rgb', contrast=1.0, depth=-6.0, flipHoriz=False, flipVert=False, font='Arial', fontFiles=[], height=0.05, italic=False, languageStyle='LTR', name='text_23', opacity=1.0, ori=0, pos=array([ 0. , -0.7]), rgb=UNKNOWN, text=str(...), units='norm', win=Window(...), wrapWidth=1)
7.0015 	EXP 	window1: mouseVisible = True
7.0070 	EXP 	Created response1disk_2 = ImageStim(__class__=<class 'psychopy.visual.image.ImageStim'>, anchor=('center', 'center'), autoLog=True, color=array([1., 1., 1.]), colorSpace='rgb', contrast=1.0, depth=-1.0, flipHoriz=False, flipVert=False, image='response67.png', interpolate=True, mask=None, maskParams=None, name='response1disk_2', opacity=1.0, ori=0.0, pos=array([135., 135.]), size=array([270., 270.]), texRes=128, units='pix', win=Window(...))
7.0123 	EXP 	Created response3disk_2 = ImageStim(__class__=<class 'psychopy.visual.image.ImageStim'>, anchor=('center', 'center'), autoLog=True, color=array([1., 1., 1.]), colorSpace='rgb', contrast=1.0, depth=-2.0, flipHoriz=False, flipVert=False, image='response45.png', interpolate=True, mask=None, maskParams=None, name='response3disk_2', opacity=1.0, ori=0.0, pos=array([ 135., -135.]), size=array([270., 270.]), texRes=128, units='pix', win=Window(...))
7.0183 	EXP 	Created response5disk_2 = ImageStim(__class__=<class 'psychopy.visual.image.ImageStim'>, anchor=('center', 'center'), autoLog=True, color=array([1., 1., 1.]), colorSpace='rgb', contrast=1.0, depth=-3.0, flipHoriz=False, flipVert=False, image='response23.png', interpolate=True, mask=None, maskParams=None, name='response5disk_2', opacity=1.0, ori=0.0, pos=array([-135., -135.]), size=array([270., 270.]), texRes=128, units='pix', win=Window(...))
7.0233 	EXP 	Created response7disk_2 = ImageStim(__class__=<class 'psychopy.visual.image.ImageStim'>, anchor=('center', 'center'), autoLog=True, color=array([1., 1., 1.]), colorSpace='rgb', contrast=1.0, depth=-4.0, flipHoriz=False, flipVert=False, image='response01.png', interpolate=True, mask=None, maskParams=None, name='response7disk_2', opacity=1.0, ori=0.0, pos=array([-135.,  135.]), size=array([270., 270.]), texRes=128, units='pix', win=Window(...))
7.0267 	EXP 	Created text_51 = TextStim(__class__=<class 'psychopy.visual.text.TextStim'>, alignHoriz=method-wrapper(...), alignText='center', alignVert=method-wrapper(...), anchorHoriz='center', anchorVert='center', antialias=True, autoDraw=False, autoLog=True, bold=False, color=array([-1., -1., -1.]), colorSpace='rgb', contrast=1.0, depth=-5.0, flipHoriz=False, flipVert=False, font='Arial', fontFiles=[], height=0.05, italic=False, languageStyle='LTR', name='text_51', opacity=1.0, ori=0, pos=array([ 0. , -0.7]), rgb=UNKNOWN, text=str(...), units='norm', win=Window(...), wrapWidth=1000)
7.0276 	EXP 	Created center_square_2 = Rect(__class__=<class 'psychopy.visual.rect.Rect'>, anchor=('center', 'center'), autoDraw=False, autoLog=True, closeShape=True, color=method-wrapper(...), colorSpace='rgb', contrast=None, depth=-6.0, fillColor=array([ 1.,  1., -1.]), fillColorSpace='rgb', fillRGB=array([ 1.,  1., -1.]), interpolate=True, lineColor=array([ 1.,  1., -1.]), lineColorSpace='rgb', lineRGB=array([ 1.,  1., -1.]), lineWidth=1.0, name='center_square_2', opacity=1.0, ori=0.0, pos=array([0., 0.]), size=array([40.5, 40.5]), units='pix', vertices=ndarray(...), win=Window(...))
7.0390 	EXP 	Created thank_you = TextStim(__class__=<class 'psychopy.visual.text.TextStim'>, alignHoriz=method-wrapper(...), alignText='center', alignVert=method-wrapper(...), anchorHoriz='center', anchorVert='center', antialias=True, autoDraw=False, autoLog=True, bold=False, color=array([1., 1., 1.]), colorSpace='rgb', contrast=1.0, depth=0.0, flipHoriz=False, flipVert=False, font='Open Sans', fontFiles=[], height=0.08, italic=False, languageStyle='LTR', name='thank_you', opacity=1.0, ori=0.0, pos=array([0., 0.]), rgb=UNKNOWN, text='Thank you for your participation!', units='height', win=Window(...), wrapWidth=1)
7.0509 	EXP 	center_square: autoDraw = True
7.0509 	EXP 	begin_mouse_center: autoDraw = True
7.6825 	DATA 	Mouse: Left button down, pos=(942,527)
7.6889 	EXP 	Imported info_exp_cond.xlsx as conditions, 15 conditions, 9 params
7.6894 	EXP 	Created sequence: random, trialTypes=15, nReps=1, seed=None
7.6896 	EXP 	New trial (rep=0, index=0): {'Trial_number': 3, 'Pair_type': 0, 'Image_num': 131, 'Patch_1_loc': 5, 'Patch_2_loc': 5, 'Patch_1_info': 1950, 'Patch_2_info': 1974, 'Patch_1_name': 'absent_patch/patch0001950.jpg', 'Patch_2_name': 'absent_patch/patch0001974.jpg'}
7.6909 	EXP 	window1: mouseVisible = False
7.7033 	EXP 	center_square: autoDraw = False
7.7033 	EXP 	begin_mouse_center: autoDraw = False
7.7033 	EXP 	first_patch: image = 'absent_patch/patch0001950.jpg'
7.7033 	EXP 	fixation_cross_1: autoDraw = True
7.7943 	DATA 	Mouse:  Left button up, pos=(942,527)
8.1889 	EXP 	first_patch: autoDraw = True
8.2031 	EXP 	fixation_cross_1: autoDraw = False
8.3870 	EXP 	Imported masks_cond.xlsx as conditions, 5 conditions, 1 params
8.3874 	EXP 	Created sequence: random, trialTypes=5, nReps=1, seed=None
8.3875 	EXP 	New trial (rep=0, index=0): {'mask_name': 'masks/mask_003.jpg'}
8.3980 	EXP 	first_patch: autoDraw = False
8.3980 	EXP 	fixation_cross_1: autoDraw = False
8.3980 	EXP 	first_patch: autoDraw = False
8.3980 	EXP 	mask_image: image = 'masks/mask_003.jpg'
8.3980 	EXP 	mask_image: autoDraw = True
8.4463 	EXP 	New trial (rep=0, index=1): {'mask_name': 'masks/mask_005.jpg'}
8.4532 	EXP 	mask_image: autoDraw = False
8.4532 	EXP 	mask_image: image = 'masks/mask_005.jpg'
8.4532 	EXP 	mask_image: autoDraw = True
8.5089 	EXP 	New trial (rep=0, index=2): {'mask_name': 'masks/mask_001.jpg'}
8.5156 	EXP 	mask_image: autoDraw = False
8.5156 	EXP 	mask_image: image = 'masks/mask_001.jpg'
8.5156 	EXP 	mask_image: autoDraw = True
8.5649 	EXP 	New trial (rep=0, index=3): {'mask_name': 'masks/mask_004.jpg'}
8.5709 	EXP 	mask_image: autoDraw = False
8.5709 	EXP 	mask_image: image = 'masks/mask_004.jpg'
8.5709 	EXP 	mask_image: autoDraw = True
8.6269 	EXP 	New trial (rep=0, index=4): {'mask_name': 'masks/mask_002.jpg'}
8.6337 	EXP 	mask_image: autoDraw = False
8.6337 	EXP 	mask_image: image = 'masks/mask_002.jpg'
8.6337 	EXP 	mask_image: autoDraw = True
8.6962 	EXP 	mask_image: autoDraw = False
8.6962 	EXP 	second_patch: image = 'absent_patch/patch0001974.jpg'
8.6962 	EXP 	fixation_cross_2: autoDraw = True
9.1894 	EXP 	second_patch: autoDraw = True
9.1961 	EXP 	fixation_cross_2: autoDraw = False
9.3875 	EXP 	Imported masks_cond.xlsx as conditions, 5 conditions, 1 params
9.3878 	EXP 	Created sequence: random, trialTypes=5, nReps=1, seed=None
9.3879 	EXP 	New trial (rep=0, index=0): {'mask_name': 'masks/mask_003.jpg'}
9.3937 	EXP 	second_patch: autoDraw = False
9.3937 	EXP 	fixation_cross_2: autoDraw = False
9.3937 	EXP 	second_patch: autoDraw = False
9.3937 	EXP 	mask_image: image = 'masks/mask_003.jpg'
9.3937 	EXP 	mask_image: autoDraw = True
9.4463 	EXP 	New trial (rep=0, index=1): {'mask_name': 'masks/mask_004.jpg'}
9.4532 	EXP 	mask_image: autoDraw = False
9.4532 	EXP 	mask_image: image = 'masks/mask_004.jpg'
9.4532 	EXP 	mask_image: autoDraw = True
9.5088 	EXP 	New trial (rep=0, index=2): {'mask_name': 'masks/mask_002.jpg'}
9.5156 	EXP 	mask_image: autoDraw = False
9.5156 	EXP 	mask_image: image = 'masks/mask_002.jpg'
9.5156 	EXP 	mask_image: autoDraw = True
9.5643 	EXP 	New trial (rep=0, index=3): {'mask_name': 'masks/mask_001.jpg'}
9.5712 	EXP 	mask_image: autoDraw = False
9.5712 	EXP 	mask_image: image = 'masks/mask_001.jpg'
9.5712 	EXP 	mask_image: autoDraw = True
9.6270 	EXP 	New trial (rep=0, index=4): {'mask_name': 'masks/mask_005.jpg'}
9.6337 	EXP 	mask_image: autoDraw = False
9.6337 	EXP 	mask_image: image = 'masks/mask_005.jpg'
9.6337 	EXP 	mask_image: autoDraw = True
9.6894 	EXP 	window1: mouseVisible = True
9.6958 	EXP 	mask_image: autoDraw = False
9.6958 	EXP 	response1disk: autoDraw = True
9.6958 	EXP 	response3disk: autoDraw = True
9.6958 	EXP 	response5disk: autoDraw = True
9.6958 	EXP 	response7disk: autoDraw = True
9.6958 	EXP 	text_23: autoDraw = True
19.5648 	DATA 	Mouse: Left button down, pos=(830,630)
19.5785 	EXP 	response1disk: autoDraw = False
19.5785 	EXP 	response3disk: autoDraw = False
19.5785 	EXP 	response5disk: autoDraw = False
19.5785 	EXP 	response7disk: autoDraw = False
19.5785 	EXP 	text_23: autoDraw = False
19.5785 	EXP 	response1disk_2: autoDraw = True
19.5785 	EXP 	response3disk_2: autoDraw = True
19.5785 	EXP 	response5disk_2: autoDraw = True
19.5785 	EXP 	response7disk_2: autoDraw = True
19.5785 	EXP 	text_51: autoDraw = True
19.5785 	EXP 	center_square_2: autoDraw = True
19.6754 	DATA 	Mouse:  Left button up, pos=(830,630)
20.6420 	DATA 	Mouse: Left button down, pos=(958,540)
20.6805 	EXP 	window1: mouseVisible = True
