1.2846 	WARNING 	We strongly recommend you activate the PTB sound engine in PsychoPy prefs as the preferred audio engine. Its timing is vastly superior. Your prefs are currently set to use ['sounddevice', 'PTB', 'pyo', 'pygame'] (in that order).
4.1979 	WARNING 	User requested fullscreen with size [1024  768], but screen is actually [1920, 1080]. Using actual size
4.7408 	EXP 	Created window1 = Window(allowGUI=True, allowStencil=False, autoLog=True, backendConf=UNKNOWN, bitsMode=UNKNOWN, blendMode='avg', bpc=(8, 8, 8), color=array([0, 0, 0]), colorSpace='rgb', depthBits=8, fullscr=<method-wrapper '__getattribute__' of attributeSetter object at 0x000001A0573C6DC0>, gamma=None, gammaErrorPolicy='raise', lms=UNKNOWN, monitor=<psychopy.monitors.calibTools.Monitor object at 0x000001A0579524C0>, multiSample=False, name='window1', numSamples=2, pos=(-1920, 0), screen=0, size=array([1920, 1080]), stencilBits=0, stereo=False, units='height', useFBO=True, useRetina=False, viewOri=0.0, viewPos=None, viewScale=None, waitBlanking=True, winType='pyglet')
4.7409 	EXP 	window1: mouseVisible = True
4.7409 	EXP 	window1: mouseVisible = False
4.7409 	EXP 	window1: Attempting to measure frame rate of screen (0) ...
4.7409 	EXP 	window1: recordFrameIntervals = False
4.9049 	EXP 	window1: recordFrameIntervals = True
5.0891 	EXP 	Screen (0) actual frame rate measured at 60.00Hz
5.0891 	EXP 	window1: recordFrameIntervals = False
6.4590 	EXP 	window1: mouseVisible = True
6.4605 	EXP 	Created center_square = Rect(__class__=<class 'psychopy.visual.rect.Rect'>, anchor=('center', 'center'), autoDraw=False, autoLog=True, closeShape=True, color=method-wrapper(...), colorSpace='rgb', contrast=None, depth=-1.0, fillColor=array([ 1.,  1., -1.]), fillColorSpace='rgb', fillRGB=array([ 1.,  1., -1.]), interpolate=True, lineColor=array([ 1.,  1., -1.]), lineColorSpace='rgb', lineRGB=array([ 1.,  1., -1.]), lineWidth=1.0, name='center_square', opacity=1.0, ori=0.0, pos=array([0., 0.]), size=array([40.5, 40.5]), units='pix', vertices=ndarray(...), win=Window(...))
6.5075 	EXP 	Created begin_mouse_center = TextStim(__class__=<class 'psychopy.visual.text.TextStim'>, alignHoriz=method-wrapper(...), alignText='center', alignVert=method-wrapper(...), anchorHoriz='center', anchorVert='center', antialias=True, autoDraw=False, autoLog=True, bold=False, color=array([1., 1., 1.]), colorSpace='rgb', contrast=1.0, depth=-2.0, flipHoriz=False, flipVert=False, font='Arial', fontFiles=[], height=0.08, italic=False, languageStyle='LTR', name='begin_mouse_center', opacity=1.0, ori=0.0, pos=array([0. , 0.5]), rgb=UNKNOWN, text='\nClick the square to begin experiment', units='norm', win=Window(...), wrapWidth=1)
6.5089 	EXP 	Created fixation_cross_1 = ShapeStim(__class__=<class 'psychopy.visual.shape.ShapeStim'>, anchor=('center', 'center'), autoDraw=False, autoLog=True, closeShape=True, color=method-wrapper(...), colorSpace='rgb', contrast=None, depth=0.0, fillColor=array([1, 1, 1]), fillColorSpace='rgb', fillRGB=array([1, 1, 1]), interpolate=True, lineColor=array([1., 1., 1.]), lineColorSpace='rgb', lineRGB=array([1, 1, 1]), lineWidth=1.0, name='fixation_cross_1', opacity=1.0, ori=0.0, pos=array([0., 0.]), size=array([30., 30.]), units='pix', vertices=ndarray(...), win=Window(...), windingRule=None)
6.5113 	EXP 	Created first_patch = ImageStim(__class__=<class 'psychopy.visual.image.ImageStim'>, anchor=('center', 'center'), autoLog=True, color=array([1., 1., 1.]), colorSpace='rgb', contrast=1.0, depth=-1.0, flipHoriz=False, flipVert=False, image='sin', interpolate=True, mask=None, maskParams=None, name='first_patch', opacity=1.0, ori=0.0, pos=array([0., 0.]), size=array([270., 270.]), texRes=128.0, units='pix', win=Window(...))
6.5134 	EXP 	Created mask_image = ImageStim(__class__=<class 'psychopy.visual.image.ImageStim'>, anchor=('center', 'center'), autoLog=True, color=array([1., 1., 1.]), colorSpace='rgb', contrast=1.0, depth=0.0, flipHoriz=False, flipVert=False, image='sin', interpolate=True, mask=None, maskParams=None, name='mask_image', opacity=1.0, ori=0.0, pos=array([0., 0.]), size=array([270., 270.]), texRes=128.0, units='pix', win=Window(...))
6.5147 	EXP 	Created fixation_cross_2 = ShapeStim(__class__=<class 'psychopy.visual.shape.ShapeStim'>, anchor=('center', 'center'), autoDraw=False, autoLog=True, closeShape=True, color=method-wrapper(...), colorSpace='rgb', contrast=None, depth=0.0, fillColor=array([1, 1, 1]), fillColorSpace='rgb', fillRGB=array([1, 1, 1]), interpolate=True, lineColor=array([1., 1., 1.]), lineColorSpace='rgb', lineRGB=array([1, 1, 1]), lineWidth=1.0, name='fixation_cross_2', opacity=1.0, ori=0.0, pos=array([0., 0.]), size=array([30., 30.]), units='pix', vertices=ndarray(...), win=Window(...), windingRule=None)
6.5167 	EXP 	Created second_patch = ImageStim(__class__=<class 'psychopy.visual.image.ImageStim'>, anchor=('center', 'center'), autoLog=True, color=array([1., 1., 1.]), colorSpace='rgb', contrast=1.0, depth=-1.0, flipHoriz=False, flipVert=False, image='sin', interpolate=True, mask=None, maskParams=None, name='second_patch', opacity=1.0, ori=0.0, pos=array([0., 0.]), size=array([270., 270.]), texRes=128.0, units='pix', win=Window(...))
6.5186 	EXP 	Created mask_image = ImageStim(__class__=<class 'psychopy.visual.image.ImageStim'>, anchor=('center', 'center'), autoLog=True, color=array([1., 1., 1.]), colorSpace='rgb', contrast=1.0, depth=0.0, flipHoriz=False, flipVert=False, image='sin', interpolate=True, mask=None, maskParams=None, name='mask_image', opacity=1.0, ori=0.0, pos=array([0., 0.]), size=array([270., 270.]), texRes=128.0, units='pix', win=Window(...))
6.5186 	EXP 	window1: mouseVisible = True
6.5242 	EXP 	Created response1disk = ImageStim(__class__=<class 'psychopy.visual.image.ImageStim'>, anchor=('center', 'center'), autoLog=True, color=array([1., 1., 1.]), colorSpace='rgb', contrast=1.0, depth=-2.0, flipHoriz=False, flipVert=False, image='response67.png', interpolate=True, mask=None, maskParams=None, name='response1disk', opacity=1.0, ori=0.0, pos=array([135., 135.]), size=array([270., 270.]), texRes=128, units='pix', win=Window(...))
6.5294 	EXP 	Created response3disk = ImageStim(__class__=<class 'psychopy.visual.image.ImageStim'>, anchor=('center', 'center'), autoLog=True, color=array([1., 1., 1.]), colorSpace='rgb', contrast=1.0, depth=-3.0, flipHoriz=False, flipVert=False, image='response45.png', interpolate=True, mask=None, maskParams=None, name='response3disk', opacity=1.0, ori=0.0, pos=array([ 135., -135.]), size=array([270., 270.]), texRes=128, units='pix', win=Window(...))
6.5345 	EXP 	Created response5disk = ImageStim(__class__=<class 'psychopy.visual.image.ImageStim'>, anchor=('center', 'center'), autoLog=True, color=array([1., 1., 1.]), colorSpace='rgb', contrast=1.0, depth=-4.0, flipHoriz=False, flipVert=False, image='response23.png', interpolate=True, mask=None, maskParams=None, name='response5disk', opacity=1.0, ori=0.0, pos=array([-135., -135.]), size=array([270., 270.]), texRes=128, units='pix', win=Window(...))
6.5394 	EXP 	Created response7disk = ImageStim(__class__=<class 'psychopy.visual.image.ImageStim'>, anchor=('center', 'center'), autoLog=True, color=array([1., 1., 1.]), colorSpace='rgb', contrast=1.0, depth=-5.0, flipHoriz=False, flipVert=False, image='response01.png', interpolate=True, mask=None, maskParams=None, name='response7disk', opacity=1.0, ori=0.0, pos=array([-135.,  135.]), size=array([270., 270.]), texRes=128, units='pix', win=Window(...))
6.5527 	EXP 	Created text_23 = TextStim(__class__=<class 'psychopy.visual.text.TextStim'>, alignHoriz=method-wrapper(...), alignText='center', alignVert=method-wrapper(...), anchorHoriz='center', anchorVert='center', antialias=True, autoDraw=False, autoLog=True, bold=False, color=array([-1., -1., -1.]), colorSpace='rgb', contrast=1.0, depth=-6.0, flipHoriz=False, flipVert=False, font='Arial', fontFiles=[], height=0.05, italic=False, languageStyle='LTR', name='text_23', opacity=1.0, ori=0, pos=array([ 0. , -0.7]), rgb=UNKNOWN, text=str(...), units='norm', win=Window(...), wrapWidth=1)
6.5527 	EXP 	window1: mouseVisible = True
6.5572 	EXP 	Created response1disk_2 = ImageStim(__class__=<class 'psychopy.visual.image.ImageStim'>, anchor=('center', 'center'), autoLog=True, color=array([1., 1., 1.]), colorSpace='rgb', contrast=1.0, depth=-1.0, flipHoriz=False, flipVert=False, image='response67.png', interpolate=True, mask=None, maskParams=None, name='response1disk_2', opacity=1.0, ori=0.0, pos=array([135., 135.]), size=array([270., 270.]), texRes=128, units='pix', win=Window(...))
6.5615 	EXP 	Created response3disk_2 = ImageStim(__class__=<class 'psychopy.visual.image.ImageStim'>, anchor=('center', 'center'), autoLog=True, color=array([1., 1., 1.]), colorSpace='rgb', contrast=1.0, depth=-2.0, flipHoriz=False, flipVert=False, image='response45.png', interpolate=True, mask=None, maskParams=None, name='response3disk_2', opacity=1.0, ori=0.0, pos=array([ 135., -135.]), size=array([270., 270.]), texRes=128, units='pix', win=Window(...))
6.5656 	EXP 	Created response5disk_2 = ImageStim(__class__=<class 'psychopy.visual.image.ImageStim'>, anchor=('center', 'center'), autoLog=True, color=array([1., 1., 1.]), colorSpace='rgb', contrast=1.0, depth=-3.0, flipHoriz=False, flipVert=False, image='response23.png', interpolate=True, mask=None, maskParams=None, name='response5disk_2', opacity=1.0, ori=0.0, pos=array([-135., -135.]), size=array([270., 270.]), texRes=128, units='pix', win=Window(...))
6.5702 	EXP 	Created response7disk_2 = ImageStim(__class__=<class 'psychopy.visual.image.ImageStim'>, anchor=('center', 'center'), autoLog=True, color=array([1., 1., 1.]), colorSpace='rgb', contrast=1.0, depth=-4.0, flipHoriz=False, flipVert=False, image='response01.png', interpolate=True, mask=None, maskParams=None, name='response7disk_2', opacity=1.0, ori=0.0, pos=array([-135.,  135.]), size=array([270., 270.]), texRes=128, units='pix', win=Window(...))
6.5745 	EXP 	Created text_51 = TextStim(__class__=<class 'psychopy.visual.text.TextStim'>, alignHoriz=method-wrapper(...), alignText='center', alignVert=method-wrapper(...), anchorHoriz='center', anchorVert='center', antialias=True, autoDraw=False, autoLog=True, bold=False, color=array([-1., -1., -1.]), colorSpace='rgb', contrast=1.0, depth=-5.0, flipHoriz=False, flipVert=False, font='Arial', fontFiles=[], height=0.05, italic=False, languageStyle='LTR', name='text_51', opacity=1.0, ori=0, pos=array([ 0. , -0.7]), rgb=UNKNOWN, text=str(...), units='norm', win=Window(...), wrapWidth=1000)
6.5753 	EXP 	Created center_square_2 = Rect(__class__=<class 'psychopy.visual.rect.Rect'>, anchor=('center', 'center'), autoDraw=False, autoLog=True, closeShape=True, color=method-wrapper(...), colorSpace='rgb', contrast=None, depth=-6.0, fillColor=array([ 1.,  1., -1.]), fillColorSpace='rgb', fillRGB=array([ 1.,  1., -1.]), interpolate=True, lineColor=array([ 1.,  1., -1.]), lineColorSpace='rgb', lineRGB=array([ 1.,  1., -1.]), lineWidth=1.0, name='center_square_2', opacity=1.0, ori=0.0, pos=array([0., 0.]), size=array([40.5, 40.5]), units='pix', vertices=ndarray(...), win=Window(...))
6.6041 	EXP 	center_square: autoDraw = True
6.6041 	EXP 	begin_mouse_center: autoDraw = True
7.5885 	DATA 	Mouse: Left button down, pos=(956,547)
7.5930 	EXP 	Imported info_measure_exp_cond.xlsx as conditions, 1 conditions, 2 params
7.5933 	EXP 	Created sequence: random, trialTypes=1, nReps=1, seed=None
7.5935 	EXP 	New trial (rep=0, index=0): {'Absent': 'absent_patch/patch0002178.jpg', 'Present': 'present_patch/cong_131_5_a.jpg'}
7.5941 	EXP 	window1: mouseVisible = False
7.6041 	EXP 	center_square: autoDraw = False
7.6041 	EXP 	begin_mouse_center: autoDraw = False
7.6041 	EXP 	first_patch: image = 'absent_patch/patch0002178.jpg'
7.6041 	EXP 	fixation_cross_1: autoDraw = True
7.6724 	DATA 	Mouse:  Left button up, pos=(956,547)
8.0873 	EXP 	first_patch: autoDraw = True
8.1051 	EXP 	fixation_cross_1: autoDraw = False
8.2747 	EXP 	Imported masks_cond.xlsx as conditions, 4 conditions, 1 params
8.2750 	EXP 	Created sequence: random, trialTypes=4, nReps=1, seed=None
8.2752 	EXP 	New trial (rep=0, index=0): {'mask_name': 'masks/mask_002.jpg'}
8.2874 	EXP 	first_patch: autoDraw = False
8.2874 	EXP 	fixation_cross_1: autoDraw = False
8.2874 	EXP 	first_patch: autoDraw = False
8.2874 	EXP 	mask_image: image = 'masks/mask_002.jpg'
8.2874 	EXP 	mask_image: autoDraw = True
8.3382 	EXP 	New trial (rep=0, index=1): {'mask_name': 'masks/mask_003.jpg'}
8.3552 	EXP 	mask_image: autoDraw = False
8.3552 	EXP 	mask_image: image = 'masks/mask_003.jpg'
8.3552 	EXP 	mask_image: autoDraw = True
8.4048 	EXP 	New trial (rep=0, index=2): {'mask_name': 'masks/mask_001.jpg'}
8.4224 	EXP 	mask_image: autoDraw = False
8.4224 	EXP 	mask_image: image = 'masks/mask_001.jpg'
8.4224 	EXP 	mask_image: autoDraw = True
8.4549 	EXP 	New trial (rep=0, index=3): {'mask_name': 'masks/mask_004.jpg'}
8.4706 	EXP 	mask_image: autoDraw = False
8.4706 	EXP 	mask_image: image = 'masks/mask_004.jpg'
8.4706 	EXP 	mask_image: autoDraw = True
8.5386 	EXP 	mask_image: autoDraw = False
8.5386 	EXP 	second_patch: image = 'present_patch/cong_131_5_a.jpg'
8.5386 	EXP 	fixation_cross_2: autoDraw = True
9.0213 	EXP 	second_patch: autoDraw = True
9.0380 	EXP 	fixation_cross_2: autoDraw = False
9.2083 	EXP 	Imported masks_cond.xlsx as conditions, 5 conditions, 1 params
9.2087 	EXP 	Created sequence: random, trialTypes=5, nReps=1, seed=None
9.2088 	EXP 	New trial (rep=0, index=0): {'mask_name': 'masks/mask_004.jpg'}
9.2206 	EXP 	second_patch: autoDraw = False
9.2206 	EXP 	fixation_cross_2: autoDraw = False
9.2206 	EXP 	second_patch: autoDraw = False
9.2206 	EXP 	mask_image: image = 'masks/mask_004.jpg'
9.2206 	EXP 	mask_image: autoDraw = True
9.2715 	EXP 	New trial (rep=0, index=1): {'mask_name': 'masks/mask_005.jpg'}
9.2878 	EXP 	mask_image: autoDraw = False
9.2878 	EXP 	mask_image: image = 'masks/mask_005.jpg'
9.2878 	EXP 	mask_image: autoDraw = True
9.3382 	EXP 	New trial (rep=0, index=2): {'mask_name': 'masks/mask_001.jpg'}
9.3544 	EXP 	mask_image: autoDraw = False
9.3544 	EXP 	mask_image: image = 'masks/mask_001.jpg'
9.3544 	EXP 	mask_image: autoDraw = True
9.3888 	EXP 	New trial (rep=0, index=3): {'mask_name': 'masks/mask_002.jpg'}
9.4046 	EXP 	mask_image: autoDraw = False
9.4046 	EXP 	mask_image: image = 'masks/mask_002.jpg'
9.4046 	EXP 	mask_image: autoDraw = True
9.4545 	EXP 	New trial (rep=0, index=4): {'mask_name': 'masks/mask_003.jpg'}
9.4705 	EXP 	mask_image: autoDraw = False
9.4705 	EXP 	mask_image: image = 'masks/mask_003.jpg'
9.4705 	EXP 	mask_image: autoDraw = True
9.5211 	EXP 	window1: mouseVisible = True
9.5372 	EXP 	mask_image: autoDraw = False
9.5372 	EXP 	response1disk: autoDraw = True
9.5372 	EXP 	response3disk: autoDraw = True
9.5372 	EXP 	response5disk: autoDraw = True
9.5372 	EXP 	response7disk: autoDraw = True
9.5372 	EXP 	text_23: autoDraw = True
10.8217 	DATA 	Mouse: Left button down, pos=(1074,562)
10.8373 	EXP 	response1disk: autoDraw = False
10.8373 	EXP 	response3disk: autoDraw = False
10.8373 	EXP 	response5disk: autoDraw = False
10.8373 	EXP 	response7disk: autoDraw = False
10.8373 	EXP 	text_23: autoDraw = False
10.8373 	EXP 	response1disk_2: autoDraw = True
10.8373 	EXP 	response3disk_2: autoDraw = True
10.8373 	EXP 	response5disk_2: autoDraw = True
10.8373 	EXP 	response7disk_2: autoDraw = True
10.8373 	EXP 	text_51: autoDraw = True
10.8373 	EXP 	center_square_2: autoDraw = True
10.9211 	DATA 	Mouse:  Left button up, pos=(1075,562)
12.2377 	DATA 	Mouse: Left button down, pos=(958,543)
12.2678 	EXP 	window1: mouseVisible = True
