1.2700 	WARNING 	We strongly recommend you activate the PTB sound engine in PsychoPy prefs as the preferred audio engine. Its timing is vastly superior. Your prefs are currently set to use ['sounddevice', 'PTB', 'pyo', 'pygame'] (in that order).
3.9534 	WARNING 	User requested fullscreen with size [1024  768], but screen is actually [1920, 1080]. Using actual size
4.6604 	EXP 	Created window1 = Window(allowGUI=True, allowStencil=False, autoLog=True, backendConf=UNKNOWN, bitsMode=UNKNOWN, blendMode='avg', bpc=(8, 8, 8), color=array([0, 0, 0]), colorSpace='rgb', depthBits=8, fullscr=<method-wrapper '__getattribute__' of attributeSetter object at 0x000001CF1AC64E50>, gamma=None, gammaErrorPolicy='raise', lms=UNKNOWN, monitor=<psychopy.monitors.calibTools.Monitor object at 0x000001CF1B130370>, multiSample=False, name='window1', numSamples=2, pos=(-1920, 0), screen=0, size=array([1920, 1080]), stencilBits=0, stereo=False, units='height', useFBO=True, useRetina=False, viewOri=0.0, viewPos=None, viewScale=None, waitBlanking=True, winType='pyglet')
4.6605 	EXP 	window1: mouseVisible = True
4.6605 	EXP 	window1: mouseVisible = False
4.6606 	EXP 	window1: Attempting to measure frame rate of screen (0) ...
4.6606 	EXP 	window1: recordFrameIntervals = False
4.8249 	EXP 	window1: recordFrameIntervals = True
5.0930 	EXP 	Screen (0) actual frame rate measured at 60.21Hz
5.0930 	EXP 	window1: recordFrameIntervals = False
6.4573 	EXP 	window1: mouseVisible = True
6.4588 	EXP 	Created center_square = Rect(__class__=<class 'psychopy.visual.rect.Rect'>, anchor=('center', 'center'), autoDraw=False, autoLog=True, closeShape=True, color=method-wrapper(...), colorSpace='rgb', contrast=None, depth=-1.0, fillColor=array([ 1.,  1., -1.]), fillColorSpace='rgb', fillRGB=array([ 1.,  1., -1.]), interpolate=True, lineColor=array([ 1.,  1., -1.]), lineColorSpace='rgb', lineRGB=array([ 1.,  1., -1.]), lineWidth=1.0, name='center_square', opacity=1.0, ori=0.0, pos=array([0., 0.]), size=array([40.5, 40.5]), units='pix', vertices=ndarray(...), win=Window(...))
6.5044 	EXP 	Created begin_mouse_center = TextStim(__class__=<class 'psychopy.visual.text.TextStim'>, alignHoriz=method-wrapper(...), alignText='center', alignVert=method-wrapper(...), anchorHoriz='center', anchorVert='center', antialias=True, autoDraw=False, autoLog=True, bold=False, color=array([1., 1., 1.]), colorSpace='rgb', contrast=1.0, depth=-2.0, flipHoriz=False, flipVert=False, font='Arial', fontFiles=[], height=0.08, italic=False, languageStyle='LTR', name='begin_mouse_center', opacity=1.0, ori=0.0, pos=array([0. , 0.5]), rgb=UNKNOWN, text='\nClick the square to begin experiment', units='norm', win=Window(...), wrapWidth=1)
6.5059 	EXP 	Created fixation_cross_1 = ShapeStim(__class__=<class 'psychopy.visual.shape.ShapeStim'>, anchor=('center', 'center'), autoDraw=False, autoLog=True, closeShape=True, color=method-wrapper(...), colorSpace='rgb', contrast=None, depth=0.0, fillColor=array([1, 1, 1]), fillColorSpace='rgb', fillRGB=array([1, 1, 1]), interpolate=True, lineColor=array([1., 1., 1.]), lineColorSpace='rgb', lineRGB=array([1, 1, 1]), lineWidth=1.0, name='fixation_cross_1', opacity=1.0, ori=0.0, pos=array([0., 0.]), size=array([30., 30.]), units='pix', vertices=ndarray(...), win=Window(...), windingRule=None)
6.5081 	EXP 	Created first_patch = ImageStim(__class__=<class 'psychopy.visual.image.ImageStim'>, anchor=('center', 'center'), autoLog=True, color=array([1., 1., 1.]), colorSpace='rgb', contrast=1.0, depth=-1.0, flipHoriz=False, flipVert=False, image='sin', interpolate=True, mask=None, maskParams=None, name='first_patch', opacity=1.0, ori=0.0, pos=array([0., 0.]), size=array([270., 270.]), texRes=128.0, units='pix', win=Window(...))
6.5101 	EXP 	Created mask_image = ImageStim(__class__=<class 'psychopy.visual.image.ImageStim'>, anchor=('center', 'center'), autoLog=True, color=array([1., 1., 1.]), colorSpace='rgb', contrast=1.0, depth=0.0, flipHoriz=False, flipVert=False, image='sin', interpolate=True, mask=None, maskParams=None, name='mask_image', opacity=1.0, ori=0.0, pos=array([0., 0.]), size=array([270., 270.]), texRes=128.0, units='pix', win=Window(...))
6.5114 	EXP 	Created fixation_cross_2 = ShapeStim(__class__=<class 'psychopy.visual.shape.ShapeStim'>, anchor=('center', 'center'), autoDraw=False, autoLog=True, closeShape=True, color=method-wrapper(...), colorSpace='rgb', contrast=None, depth=0.0, fillColor=array([1, 1, 1]), fillColorSpace='rgb', fillRGB=array([1, 1, 1]), interpolate=True, lineColor=array([1., 1., 1.]), lineColorSpace='rgb', lineRGB=array([1, 1, 1]), lineWidth=1.0, name='fixation_cross_2', opacity=1.0, ori=0.0, pos=array([0., 0.]), size=array([30., 30.]), units='pix', vertices=ndarray(...), win=Window(...), windingRule=None)
6.5132 	EXP 	Created second_patch = ImageStim(__class__=<class 'psychopy.visual.image.ImageStim'>, anchor=('center', 'center'), autoLog=True, color=array([1., 1., 1.]), colorSpace='rgb', contrast=1.0, depth=-1.0, flipHoriz=False, flipVert=False, image='sin', interpolate=True, mask=None, maskParams=None, name='second_patch', opacity=1.0, ori=0.0, pos=array([0., 0.]), size=array([270., 270.]), texRes=128.0, units='pix', win=Window(...))
6.5150 	EXP 	Created mask_image = ImageStim(__class__=<class 'psychopy.visual.image.ImageStim'>, anchor=('center', 'center'), autoLog=True, color=array([1., 1., 1.]), colorSpace='rgb', contrast=1.0, depth=0.0, flipHoriz=False, flipVert=False, image='sin', interpolate=True, mask=None, maskParams=None, name='mask_image', opacity=1.0, ori=0.0, pos=array([0., 0.]), size=array([270., 270.]), texRes=128.0, units='pix', win=Window(...))
6.5151 	EXP 	window1: mouseVisible = True
6.5201 	EXP 	Created response1disk = ImageStim(__class__=<class 'psychopy.visual.image.ImageStim'>, anchor=('center', 'center'), autoLog=True, color=array([1., 1., 1.]), colorSpace='rgb', contrast=1.0, depth=-2.0, flipHoriz=False, flipVert=False, image='response67.png', interpolate=True, mask=None, maskParams=None, name='response1disk', opacity=1.0, ori=0.0, pos=array([135., 135.]), size=array([270., 270.]), texRes=128, units='pix', win=Window(...))
6.5248 	EXP 	Created response3disk = ImageStim(__class__=<class 'psychopy.visual.image.ImageStim'>, anchor=('center', 'center'), autoLog=True, color=array([1., 1., 1.]), colorSpace='rgb', contrast=1.0, depth=-3.0, flipHoriz=False, flipVert=False, image='response45.png', interpolate=True, mask=None, maskParams=None, name='response3disk', opacity=1.0, ori=0.0, pos=array([ 135., -135.]), size=array([270., 270.]), texRes=128, units='pix', win=Window(...))
6.5296 	EXP 	Created response5disk = ImageStim(__class__=<class 'psychopy.visual.image.ImageStim'>, anchor=('center', 'center'), autoLog=True, color=array([1., 1., 1.]), colorSpace='rgb', contrast=1.0, depth=-4.0, flipHoriz=False, flipVert=False, image='response23.png', interpolate=True, mask=None, maskParams=None, name='response5disk', opacity=1.0, ori=0.0, pos=array([-135., -135.]), size=array([270., 270.]), texRes=128, units='pix', win=Window(...))
6.5337 	EXP 	Created response7disk = ImageStim(__class__=<class 'psychopy.visual.image.ImageStim'>, anchor=('center', 'center'), autoLog=True, color=array([1., 1., 1.]), colorSpace='rgb', contrast=1.0, depth=-5.0, flipHoriz=False, flipVert=False, image='response01.png', interpolate=True, mask=None, maskParams=None, name='response7disk', opacity=1.0, ori=0.0, pos=array([-135.,  135.]), size=array([270., 270.]), texRes=128, units='pix', win=Window(...))
6.5459 	EXP 	Created text_23 = TextStim(__class__=<class 'psychopy.visual.text.TextStim'>, alignHoriz=method-wrapper(...), alignText='center', alignVert=method-wrapper(...), anchorHoriz='center', anchorVert='center', antialias=True, autoDraw=False, autoLog=True, bold=False, color=array([-1., -1., -1.]), colorSpace='rgb', contrast=1.0, depth=-6.0, flipHoriz=False, flipVert=False, font='Arial', fontFiles=[], height=0.05, italic=False, languageStyle='LTR', name='text_23', opacity=1.0, ori=0, pos=array([ 0. , -0.7]), rgb=UNKNOWN, text=str(...), units='norm', win=Window(...), wrapWidth=1)
6.5459 	EXP 	window1: mouseVisible = True
6.5504 	EXP 	Created response1disk_2 = ImageStim(__class__=<class 'psychopy.visual.image.ImageStim'>, anchor=('center', 'center'), autoLog=True, color=array([1., 1., 1.]), colorSpace='rgb', contrast=1.0, depth=-1.0, flipHoriz=False, flipVert=False, image='response67.png', interpolate=True, mask=None, maskParams=None, name='response1disk_2', opacity=1.0, ori=0.0, pos=array([135., 135.]), size=array([270., 270.]), texRes=128, units='pix', win=Window(...))
6.5545 	EXP 	Created response3disk_2 = ImageStim(__class__=<class 'psychopy.visual.image.ImageStim'>, anchor=('center', 'center'), autoLog=True, color=array([1., 1., 1.]), colorSpace='rgb', contrast=1.0, depth=-2.0, flipHoriz=False, flipVert=False, image='response45.png', interpolate=True, mask=None, maskParams=None, name='response3disk_2', opacity=1.0, ori=0.0, pos=array([ 135., -135.]), size=array([270., 270.]), texRes=128, units='pix', win=Window(...))
6.5593 	EXP 	Created response5disk_2 = ImageStim(__class__=<class 'psychopy.visual.image.ImageStim'>, anchor=('center', 'center'), autoLog=True, color=array([1., 1., 1.]), colorSpace='rgb', contrast=1.0, depth=-3.0, flipHoriz=False, flipVert=False, image='response23.png', interpolate=True, mask=None, maskParams=None, name='response5disk_2', opacity=1.0, ori=0.0, pos=array([-135., -135.]), size=array([270., 270.]), texRes=128, units='pix', win=Window(...))
6.5638 	EXP 	Created response7disk_2 = ImageStim(__class__=<class 'psychopy.visual.image.ImageStim'>, anchor=('center', 'center'), autoLog=True, color=array([1., 1., 1.]), colorSpace='rgb', contrast=1.0, depth=-4.0, flipHoriz=False, flipVert=False, image='response01.png', interpolate=True, mask=None, maskParams=None, name='response7disk_2', opacity=1.0, ori=0.0, pos=array([-135.,  135.]), size=array([270., 270.]), texRes=128, units='pix', win=Window(...))
6.5679 	EXP 	Created text_51 = TextStim(__class__=<class 'psychopy.visual.text.TextStim'>, alignHoriz=method-wrapper(...), alignText='center', alignVert=method-wrapper(...), anchorHoriz='center', anchorVert='center', antialias=True, autoDraw=False, autoLog=True, bold=False, color=array([-1., -1., -1.]), colorSpace='rgb', contrast=1.0, depth=-5.0, flipHoriz=False, flipVert=False, font='Arial', fontFiles=[], height=0.05, italic=False, languageStyle='LTR', name='text_51', opacity=1.0, ori=0, pos=array([ 0. , -0.7]), rgb=UNKNOWN, text=str(...), units='norm', win=Window(...), wrapWidth=1000)
6.5688 	EXP 	Created center_square_2 = Rect(__class__=<class 'psychopy.visual.rect.Rect'>, anchor=('center', 'center'), autoDraw=False, autoLog=True, closeShape=True, color=method-wrapper(...), colorSpace='rgb', contrast=None, depth=-6.0, fillColor=array([ 1.,  1., -1.]), fillColorSpace='rgb', fillRGB=array([ 1.,  1., -1.]), interpolate=True, lineColor=array([ 1.,  1., -1.]), lineColorSpace='rgb', lineRGB=array([ 1.,  1., -1.]), lineWidth=1.0, name='center_square_2', opacity=1.0, ori=0.0, pos=array([0., 0.]), size=array([40.5, 40.5]), units='pix', vertices=ndarray(...), win=Window(...))
6.5899 	EXP 	center_square: autoDraw = True
6.5899 	EXP 	begin_mouse_center: autoDraw = True
7.6080 	DATA 	Mouse: Left button down, pos=(953,546)
7.6124 	EXP 	Imported info_measure_exp_cond.xlsx as conditions, 1 conditions, 2 params
7.6127 	EXP 	Created sequence: random, trialTypes=1, nReps=1, seed=None
7.6129 	EXP 	New trial (rep=0, index=0): {'Absent': 'absent_patch/patch0002178.jpg', 'Present': 'present_patch/cong_131_5_a.jpg'}
7.6136 	EXP 	window1: mouseVisible = False
7.6236 	EXP 	center_square: autoDraw = False
7.6236 	EXP 	begin_mouse_center: autoDraw = False
7.6236 	EXP 	first_patch: image = 'absent_patch/patch0002178.jpg'
7.6236 	EXP 	fixation_cross_1: autoDraw = True
7.6751 	DATA 	Mouse:  Left button up, pos=(953,546)
8.1069 	EXP 	first_patch: autoDraw = True
8.1247 	EXP 	fixation_cross_1: autoDraw = False
8.2940 	EXP 	Imported masks_cond.xlsx as conditions, 4 conditions, 1 params
8.2943 	EXP 	Created sequence: random, trialTypes=4, nReps=1, seed=None
8.2945 	EXP 	New trial (rep=0, index=0): {'mask_name': 'masks/mask_001.jpg'}
8.3069 	EXP 	first_patch: autoDraw = False
8.3069 	EXP 	fixation_cross_1: autoDraw = False
8.3069 	EXP 	first_patch: autoDraw = False
8.3069 	EXP 	mask_image: image = 'masks/mask_001.jpg'
8.3069 	EXP 	mask_image: autoDraw = True
8.3581 	EXP 	New trial (rep=0, index=1): {'mask_name': 'masks/mask_002.jpg'}
8.3735 	EXP 	mask_image: autoDraw = False
8.3735 	EXP 	mask_image: image = 'masks/mask_002.jpg'
8.3735 	EXP 	mask_image: autoDraw = True
8.4244 	EXP 	New trial (rep=0, index=2): {'mask_name': 'masks/mask_003.jpg'}
8.4402 	EXP 	mask_image: autoDraw = False
8.4402 	EXP 	mask_image: image = 'masks/mask_003.jpg'
8.4402 	EXP 	mask_image: autoDraw = True
8.4745 	EXP 	New trial (rep=0, index=3): {'mask_name': 'masks/mask_004.jpg'}
8.4919 	EXP 	mask_image: autoDraw = False
8.4919 	EXP 	mask_image: image = 'masks/mask_004.jpg'
8.4919 	EXP 	mask_image: autoDraw = True
8.5576 	EXP 	mask_image: autoDraw = False
8.5576 	EXP 	second_patch: image = 'present_patch/cong_131_5_a.jpg'
8.5576 	EXP 	fixation_cross_2: autoDraw = True
9.0409 	EXP 	second_patch: autoDraw = True
9.0576 	EXP 	fixation_cross_2: autoDraw = False
9.2274 	EXP 	Imported masks_cond.xlsx as conditions, 5 conditions, 1 params
9.2277 	EXP 	Created sequence: random, trialTypes=5, nReps=1, seed=None
9.2278 	EXP 	New trial (rep=0, index=0): {'mask_name': 'masks/mask_002.jpg'}
9.2402 	EXP 	second_patch: autoDraw = False
9.2402 	EXP 	fixation_cross_2: autoDraw = False
9.2402 	EXP 	second_patch: autoDraw = False
9.2402 	EXP 	mask_image: image = 'masks/mask_002.jpg'
9.2402 	EXP 	mask_image: autoDraw = True
9.2913 	EXP 	New trial (rep=0, index=1): {'mask_name': 'masks/mask_005.jpg'}
9.3084 	EXP 	mask_image: autoDraw = False
9.3084 	EXP 	mask_image: image = 'masks/mask_005.jpg'
9.3084 	EXP 	mask_image: autoDraw = True
9.3581 	EXP 	New trial (rep=0, index=2): {'mask_name': 'masks/mask_003.jpg'}
9.3734 	EXP 	mask_image: autoDraw = False
9.3734 	EXP 	mask_image: image = 'masks/mask_003.jpg'
9.3734 	EXP 	mask_image: autoDraw = True
9.4081 	EXP 	New trial (rep=0, index=3): {'mask_name': 'masks/mask_001.jpg'}
9.4248 	EXP 	mask_image: autoDraw = False
9.4248 	EXP 	mask_image: image = 'masks/mask_001.jpg'
9.4248 	EXP 	mask_image: autoDraw = True
9.4744 	EXP 	New trial (rep=0, index=4): {'mask_name': 'masks/mask_004.jpg'}
9.4917 	EXP 	mask_image: autoDraw = False
9.4917 	EXP 	mask_image: image = 'masks/mask_004.jpg'
9.4917 	EXP 	mask_image: autoDraw = True
9.5247 	EXP 	window1: mouseVisible = True
9.5402 	EXP 	mask_image: autoDraw = False
9.5402 	EXP 	response1disk: autoDraw = True
9.5402 	EXP 	response3disk: autoDraw = True
9.5402 	EXP 	response5disk: autoDraw = True
9.5402 	EXP 	response7disk: autoDraw = True
9.5402 	EXP 	text_23: autoDraw = True
11.6910 	DATA 	Mouse: Left button down, pos=(816,493)
11.7067 	EXP 	response1disk: autoDraw = False
11.7067 	EXP 	response3disk: autoDraw = False
11.7067 	EXP 	response5disk: autoDraw = False
11.7067 	EXP 	response7disk: autoDraw = False
11.7067 	EXP 	text_23: autoDraw = False
11.7067 	EXP 	response1disk_2: autoDraw = True
11.7067 	EXP 	response3disk_2: autoDraw = True
11.7067 	EXP 	response5disk_2: autoDraw = True
11.7067 	EXP 	response7disk_2: autoDraw = True
11.7067 	EXP 	text_51: autoDraw = True
11.7067 	EXP 	center_square_2: autoDraw = True
11.8073 	DATA 	Mouse:  Left button up, pos=(816,493)
12.7408 	DATA 	Mouse: Left button down, pos=(959,547)
12.7715 	EXP 	window1: mouseVisible = True
