1.2978 	WARNING 	We strongly recommend you activate the PTB sound engine in PsychoPy prefs as the preferred audio engine. Its timing is vastly superior. Your prefs are currently set to use ['sounddevice', 'PTB', 'pyo', 'pygame'] (in that order).
4.3162 	WARNING 	User requested fullscreen with size [1024  768], but screen is actually [1920, 1080]. Using actual size
4.8930 	EXP 	Created window1 = Window(allowGUI=True, allowStencil=False, autoLog=True, backendConf=UNKNOWN, bitsMode=UNKNOWN, blendMode='avg', bpc=(8, 8, 8), color=array([0, 0, 0]), colorSpace='rgb', depthBits=8, fullscr=<method-wrapper '__getattribute__' of attributeSetter object at 0x0000019C78477D90>, gamma=None, gammaErrorPolicy='raise', lms=UNKNOWN, monitor=<psychopy.monitors.calibTools.Monitor object at 0x0000019C7A4912B0>, multiSample=False, name='window1', numSamples=2, pos=(-1920, 0), screen=0, size=array([1920, 1080]), stencilBits=0, stereo=False, units='height', useFBO=True, useRetina=False, viewOri=0.0, viewPos=None, viewScale=None, waitBlanking=True, winType='pyglet')
4.8931 	EXP 	window1: mouseVisible = True
4.8931 	EXP 	window1: mouseVisible = False
4.8932 	EXP 	window1: Attempting to measure frame rate of screen (0) ...
4.8932 	EXP 	window1: recordFrameIntervals = False
5.0602 	EXP 	window1: recordFrameIntervals = True
5.2431 	EXP 	Screen (0) actual frame rate measured at 59.85Hz
5.2431 	EXP 	window1: recordFrameIntervals = False
6.5318 	EXP 	window1: mouseVisible = True
6.5343 	EXP 	Created center_square = Rect(__class__=<class 'psychopy.visual.rect.Rect'>, anchor=('center', 'center'), autoDraw=False, autoLog=True, closeShape=True, color=method-wrapper(...), colorSpace='rgb', contrast=None, depth=-1.0, fillColor=array([ 1.,  1., -1.]), fillColorSpace='rgb', fillRGB=array([ 1.,  1., -1.]), interpolate=True, lineColor=array([ 1.,  1., -1.]), lineColorSpace='rgb', lineRGB=array([ 1.,  1., -1.]), lineWidth=1.0, name='center_square', opacity=1.0, ori=0.0, pos=array([0., 0.]), size=array([40.5, 40.5]), units='pix', vertices=ndarray(...), win=Window(...))
6.6006 	EXP 	Created begin_mouse_center = TextStim(__class__=<class 'psychopy.visual.text.TextStim'>, alignHoriz=method-wrapper(...), alignText='center', alignVert=method-wrapper(...), anchorHoriz='center', anchorVert='center', antialias=True, autoDraw=False, autoLog=True, bold=False, color=array([1., 1., 1.]), colorSpace='rgb', contrast=1.0, depth=-2.0, flipHoriz=False, flipVert=False, font='Arial', fontFiles=[], height=0.08, italic=False, languageStyle='LTR', name='begin_mouse_center', opacity=1.0, ori=0.0, pos=array([0. , 0.5]), rgb=UNKNOWN, text='\nClick the square to begin experiment', units='norm', win=Window(...), wrapWidth=1)
6.6022 	EXP 	Created fixation_cross_1 = ShapeStim(__class__=<class 'psychopy.visual.shape.ShapeStim'>, anchor=('center', 'center'), autoDraw=False, autoLog=True, closeShape=True, color=method-wrapper(...), colorSpace='rgb', contrast=None, depth=0.0, fillColor=array([1, 1, 1]), fillColorSpace='rgb', fillRGB=array([1, 1, 1]), interpolate=True, lineColor=array([1., 1., 1.]), lineColorSpace='rgb', lineRGB=array([1, 1, 1]), lineWidth=1.0, name='fixation_cross_1', opacity=1.0, ori=0.0, pos=array([0., 0.]), size=array([30., 30.]), units='pix', vertices=ndarray(...), win=Window(...), windingRule=None)
6.6080 	EXP 	Created first_patch = ImageStim(__class__=<class 'psychopy.visual.image.ImageStim'>, anchor=('center', 'center'), autoLog=True, color=array([1., 1., 1.]), colorSpace='rgb', contrast=1.0, depth=-1.0, flipHoriz=False, flipVert=False, image='sin', interpolate=True, mask=None, maskParams=None, name='first_patch', opacity=1.0, ori=0.0, pos=array([0., 0.]), size=array([270., 270.]), texRes=128.0, units='pix', win=Window(...))
6.6103 	EXP 	Created mask_image = ImageStim(__class__=<class 'psychopy.visual.image.ImageStim'>, anchor=('center', 'center'), autoLog=True, color=array([1., 1., 1.]), colorSpace='rgb', contrast=1.0, depth=0.0, flipHoriz=False, flipVert=False, image='sin', interpolate=True, mask=None, maskParams=None, name='mask_image', opacity=1.0, ori=0.0, pos=array([0., 0.]), size=array([270., 270.]), texRes=128.0, units='pix', win=Window(...))
6.6118 	EXP 	Created fixation_cross_2 = ShapeStim(__class__=<class 'psychopy.visual.shape.ShapeStim'>, anchor=('center', 'center'), autoDraw=False, autoLog=True, closeShape=True, color=method-wrapper(...), colorSpace='rgb', contrast=None, depth=0.0, fillColor=array([1, 1, 1]), fillColorSpace='rgb', fillRGB=array([1, 1, 1]), interpolate=True, lineColor=array([1., 1., 1.]), lineColorSpace='rgb', lineRGB=array([1, 1, 1]), lineWidth=1.0, name='fixation_cross_2', opacity=1.0, ori=0.0, pos=array([0., 0.]), size=array([30., 30.]), units='pix', vertices=ndarray(...), win=Window(...), windingRule=None)
6.6137 	EXP 	Created second_patch = ImageStim(__class__=<class 'psychopy.visual.image.ImageStim'>, anchor=('center', 'center'), autoLog=True, color=array([1., 1., 1.]), colorSpace='rgb', contrast=1.0, depth=-1.0, flipHoriz=False, flipVert=False, image='sin', interpolate=True, mask=None, maskParams=None, name='second_patch', opacity=1.0, ori=0.0, pos=array([0., 0.]), size=array([270., 270.]), texRes=128.0, units='pix', win=Window(...))
6.6155 	EXP 	Created mask_image = ImageStim(__class__=<class 'psychopy.visual.image.ImageStim'>, anchor=('center', 'center'), autoLog=True, color=array([1., 1., 1.]), colorSpace='rgb', contrast=1.0, depth=0.0, flipHoriz=False, flipVert=False, image='sin', interpolate=True, mask=None, maskParams=None, name='mask_image', opacity=1.0, ori=0.0, pos=array([0., 0.]), size=array([270., 270.]), texRes=128.0, units='pix', win=Window(...))
6.6156 	EXP 	window1: mouseVisible = True
6.6215 	EXP 	Created response1disk = ImageStim(__class__=<class 'psychopy.visual.image.ImageStim'>, anchor=('center', 'center'), autoLog=True, color=array([1., 1., 1.]), colorSpace='rgb', contrast=1.0, depth=-2.0, flipHoriz=False, flipVert=False, image='response67.png', interpolate=True, mask=None, maskParams=None, name='response1disk', opacity=1.0, ori=0.0, pos=array([135., 135.]), size=array([270., 270.]), texRes=128, units='pix', win=Window(...))
6.6272 	EXP 	Created response3disk = ImageStim(__class__=<class 'psychopy.visual.image.ImageStim'>, anchor=('center', 'center'), autoLog=True, color=array([1., 1., 1.]), colorSpace='rgb', contrast=1.0, depth=-3.0, flipHoriz=False, flipVert=False, image='response45.png', interpolate=True, mask=None, maskParams=None, name='response3disk', opacity=1.0, ori=0.0, pos=array([ 135., -135.]), size=array([270., 270.]), texRes=128, units='pix', win=Window(...))
6.6323 	EXP 	Created response5disk = ImageStim(__class__=<class 'psychopy.visual.image.ImageStim'>, anchor=('center', 'center'), autoLog=True, color=array([1., 1., 1.]), colorSpace='rgb', contrast=1.0, depth=-4.0, flipHoriz=False, flipVert=False, image='response23.png', interpolate=True, mask=None, maskParams=None, name='response5disk', opacity=1.0, ori=0.0, pos=array([-135., -135.]), size=array([270., 270.]), texRes=128, units='pix', win=Window(...))
6.6371 	EXP 	Created response7disk = ImageStim(__class__=<class 'psychopy.visual.image.ImageStim'>, anchor=('center', 'center'), autoLog=True, color=array([1., 1., 1.]), colorSpace='rgb', contrast=1.0, depth=-5.0, flipHoriz=False, flipVert=False, image='response01.png', interpolate=True, mask=None, maskParams=None, name='response7disk', opacity=1.0, ori=0.0, pos=array([-135.,  135.]), size=array([270., 270.]), texRes=128, units='pix', win=Window(...))
6.6537 	EXP 	Created text_23 = TextStim(__class__=<class 'psychopy.visual.text.TextStim'>, alignHoriz=method-wrapper(...), alignText='center', alignVert=method-wrapper(...), anchorHoriz='center', anchorVert='center', antialias=True, autoDraw=False, autoLog=True, bold=False, color=array([-1., -1., -1.]), colorSpace='rgb', contrast=1.0, depth=-6.0, flipHoriz=False, flipVert=False, font='Arial', fontFiles=[], height=0.05, italic=False, languageStyle='LTR', name='text_23', opacity=1.0, ori=0, pos=array([ 0. , -0.7]), rgb=UNKNOWN, text=str(...), units='norm', win=Window(...), wrapWidth=1)
6.6537 	EXP 	window1: mouseVisible = True
6.6541 	DEPRECATION 	'1.0000, 1.0000, -1.0000' is not a valid rgb color
6.6550 	EXP 	Created centre_reset_main = Rect(__class__=<class 'psychopy.visual.rect.Rect'>, anchor=('center', 'center'), autoDraw=False, autoLog=True, closeShape=True, color=method-wrapper(...), colorSpace='rgb', contrast=None, depth=-1.0, fillColor=array([1, 1, 1]), fillColorSpace='rgb', fillRGB=array([1, 1, 1]), interpolate=True, lineColor=array([0., 0., 0.]), lineColorSpace='rgb', lineRGB=array([0, 0, 0]), lineWidth=1, name='centre_reset_main', opacity=0.5, ori=0.0, pos=array([0., 0.]), size=array([40.5, 40.5]), units='height', vertices=ndarray(...), win=Window(...))
6.6598 	EXP 	Created response1disk_2 = ImageStim(__class__=<class 'psychopy.visual.image.ImageStim'>, anchor=('center', 'center'), autoLog=True, color=array([1., 1., 1.]), colorSpace='rgb', contrast=1.0, depth=-2.0, flipHoriz=False, flipVert=False, image='response67.png', interpolate=True, mask=None, maskParams=None, name='response1disk_2', opacity=1.0, ori=0.0, pos=array([135., 135.]), size=array([270., 270.]), texRes=128, units='pix', win=Window(...))
6.6643 	EXP 	Created response3disk_2 = ImageStim(__class__=<class 'psychopy.visual.image.ImageStim'>, anchor=('center', 'center'), autoLog=True, color=array([1., 1., 1.]), colorSpace='rgb', contrast=1.0, depth=-3.0, flipHoriz=False, flipVert=False, image='response45.png', interpolate=True, mask=None, maskParams=None, name='response3disk_2', opacity=1.0, ori=0.0, pos=array([ 135., -135.]), size=array([270., 270.]), texRes=128, units='pix', win=Window(...))
6.6689 	EXP 	Created response5disk_2 = ImageStim(__class__=<class 'psychopy.visual.image.ImageStim'>, anchor=('center', 'center'), autoLog=True, color=array([1., 1., 1.]), colorSpace='rgb', contrast=1.0, depth=-4.0, flipHoriz=False, flipVert=False, image='response23.png', interpolate=True, mask=None, maskParams=None, name='response5disk_2', opacity=1.0, ori=0.0, pos=array([-135., -135.]), size=array([270., 270.]), texRes=128, units='pix', win=Window(...))
6.6734 	EXP 	Created response7disk_2 = ImageStim(__class__=<class 'psychopy.visual.image.ImageStim'>, anchor=('center', 'center'), autoLog=True, color=array([1., 1., 1.]), colorSpace='rgb', contrast=1.0, depth=-5.0, flipHoriz=False, flipVert=False, image='response01.png', interpolate=True, mask=None, maskParams=None, name='response7disk_2', opacity=1.0, ori=0.0, pos=array([-135.,  135.]), size=array([270., 270.]), texRes=128, units='pix', win=Window(...))
6.6779 	EXP 	Created text_51 = TextStim(__class__=<class 'psychopy.visual.text.TextStim'>, alignHoriz=method-wrapper(...), alignText='center', alignVert=method-wrapper(...), anchorHoriz='center', anchorVert='center', antialias=True, autoDraw=False, autoLog=True, bold=False, color=array([-1., -1., -1.]), colorSpace='rgb', contrast=1.0, depth=-6.0, flipHoriz=False, flipVert=False, font='Arial', fontFiles=[], height=0.05, italic=False, languageStyle='LTR', name='text_51', opacity=1.0, ori=0, pos=array([ 0. , -0.5]), rgb=UNKNOWN, text=str(...), units='norm', win=Window(...), wrapWidth=1000)
6.6930 	EXP 	center_square: autoDraw = True
6.6930 	EXP 	begin_mouse_center: autoDraw = True
14.9085 	DATA 	Mouse: Left button down, pos=(963,539)
14.9144 	EXP 	Imported info_measure_exp_cond.xlsx as conditions, 1 conditions, 2 params
14.9154 	EXP 	Created sequence: random, trialTypes=1, nReps=1, seed=None
14.9156 	EXP 	New trial (rep=0, index=0): {'Absent': 'absent_patch/patch0002178.jpg', 'Present': 'present_patch/cong_131_5_a.jpg'}
14.9175 	EXP 	window1: mouseVisible = False
14.9242 	EXP 	center_square: autoDraw = False
14.9242 	EXP 	begin_mouse_center: autoDraw = False
14.9242 	EXP 	first_patch: image = 'absent_patch/patch0002178.jpg'
14.9242 	EXP 	fixation_cross_1: autoDraw = True
15.0090 	DATA 	Mouse:  Left button up, pos=(963,539)
15.4250 	EXP 	fixation_cross_1: autoDraw = False
15.4250 	EXP 	first_patch: autoDraw = True
15.6121 	EXP 	Imported masks_cond.xlsx as conditions, 4 conditions, 1 params
15.6126 	EXP 	Created sequence: random, trialTypes=4, nReps=1, seed=None
15.6127 	EXP 	New trial (rep=0, index=0): {'mask_name': 'masks/mask_004.jpg'}
15.6245 	EXP 	first_patch: autoDraw = False
15.6245 	EXP 	fixation_cross_1: autoDraw = False
15.6245 	EXP 	first_patch: autoDraw = False
15.6245 	EXP 	mask_image: image = 'masks/mask_004.jpg'
15.6245 	EXP 	mask_image: autoDraw = True
15.6748 	EXP 	New trial (rep=0, index=1): {'mask_name': 'masks/mask_002.jpg'}
15.6915 	EXP 	mask_image: autoDraw = False
15.6915 	EXP 	mask_image: image = 'masks/mask_002.jpg'
15.6915 	EXP 	mask_image: autoDraw = True
15.7416 	EXP 	New trial (rep=0, index=2): {'mask_name': 'masks/mask_001.jpg'}
15.7583 	EXP 	mask_image: autoDraw = False
15.7583 	EXP 	mask_image: image = 'masks/mask_001.jpg'
15.7583 	EXP 	mask_image: autoDraw = True
15.7911 	EXP 	New trial (rep=0, index=3): {'mask_name': 'masks/mask_003.jpg'}
15.8099 	EXP 	mask_image: autoDraw = False
15.8099 	EXP 	mask_image: image = 'masks/mask_003.jpg'
15.8099 	EXP 	mask_image: autoDraw = True
15.8748 	EXP 	mask_image: autoDraw = False
15.8748 	EXP 	second_patch: image = 'present_patch/cong_131_5_a.jpg'
15.8748 	EXP 	fixation_cross_2: autoDraw = True
16.3578 	EXP 	second_patch: autoDraw = True
16.3747 	EXP 	fixation_cross_2: autoDraw = False
16.5450 	EXP 	Imported masks_cond.xlsx as conditions, 5 conditions, 1 params
16.5453 	EXP 	Created sequence: random, trialTypes=5, nReps=1, seed=None
16.5454 	EXP 	New trial (rep=0, index=0): {'mask_name': 'masks/mask_002.jpg'}
16.5580 	EXP 	second_patch: autoDraw = False
16.5580 	EXP 	fixation_cross_2: autoDraw = False
16.5580 	EXP 	second_patch: autoDraw = False
16.5580 	EXP 	mask_image: image = 'masks/mask_002.jpg'
16.5580 	EXP 	mask_image: autoDraw = True
16.6084 	EXP 	New trial (rep=0, index=1): {'mask_name': 'masks/mask_001.jpg'}
16.6244 	EXP 	mask_image: autoDraw = False
16.6244 	EXP 	mask_image: image = 'masks/mask_001.jpg'
16.6244 	EXP 	mask_image: autoDraw = True
16.6747 	EXP 	New trial (rep=0, index=2): {'mask_name': 'masks/mask_003.jpg'}
16.6911 	EXP 	mask_image: autoDraw = False
16.6911 	EXP 	mask_image: image = 'masks/mask_003.jpg'
16.6911 	EXP 	mask_image: autoDraw = True
16.7245 	EXP 	New trial (rep=0, index=3): {'mask_name': 'masks/mask_004.jpg'}
16.7412 	EXP 	mask_image: autoDraw = False
16.7412 	EXP 	mask_image: image = 'masks/mask_004.jpg'
16.7412 	EXP 	mask_image: autoDraw = True
16.7916 	EXP 	New trial (rep=0, index=4): {'mask_name': 'masks/mask_005.jpg'}
16.8078 	EXP 	mask_image: autoDraw = False
16.8078 	EXP 	mask_image: image = 'masks/mask_005.jpg'
16.8078 	EXP 	mask_image: autoDraw = True
16.8419 	EXP 	window1: mouseVisible = True
16.8578 	EXP 	mask_image: autoDraw = False
16.8578 	EXP 	response1disk: autoDraw = True
16.8578 	EXP 	response3disk: autoDraw = True
16.8578 	EXP 	response5disk: autoDraw = True
16.8578 	EXP 	response7disk: autoDraw = True
16.8578 	EXP 	text_23: autoDraw = True
18.2581 	DATA 	Mouse: Left button down, pos=(1009,650)
18.2932 	EXP 	window1: mouseVisible = True
